Started GET "/" for ::1 at 2016-09-03 10:47:40 +0900
Processing by Rails::WelcomeController#index as HTML
  Parameters: {"internal"=>true}
  Rendering vendor/bundle/gems/railties-5.0.0.1/lib/rails/templates/rails/welcome/index.html.erb
  Rendered vendor/bundle/gems/railties-5.0.0.1/lib/rails/templates/rails/welcome/index.html.erb (4.6ms)
Completed 200 OK in 22ms (Views: 10.4ms | ActiveRecord: 0.0ms)


Started GET "/" for ::1 at 2016-09-03 10:55:04 +0900
Processing by CommentsController#index as HTML
  Rendering comments/index.html.erb within layouts/application
  Rendered comments/index.html.erb within layouts/application (5.7ms)
Completed 200 OK in 2185ms (Views: 2174.2ms | ActiveRecord: 0.0ms)


Started GET "/" for ::1 at 2016-09-03 10:55:18 +0900
Processing by CommentsController#index as HTML
  Rendering comments/index.html.erb within layouts/application
  Rendered comments/index.html.erb within layouts/application (0.6ms)
Completed 200 OK in 40ms (Views: 38.4ms | ActiveRecord: 0.0ms)


Started GET "/" for ::1 at 2016-09-03 10:55:52 +0900
Processing by CommentsController#index as HTML
  Rendering comments/index.html.erb within layouts/application
  Rendered comments/index.html.erb within layouts/application (0.8ms)
Completed 200 OK in 1004ms (Views: 1001.5ms | ActiveRecord: 0.0ms)


Started GET "/" for ::1 at 2016-09-03 10:57:30 +0900
Processing by CommentsController#index as HTML
  Rendering comments/index.html.erb within layouts/application
  Rendered comments/index.html.erb within layouts/application (0.5ms)
Completed 500 Internal Server Error in 462ms (ActiveRecord: 0.0ms)


  
ActionView::Template::Error (SyntaxError: [stdin]:1:1: reserved word 'var'):
     5:     <%= csrf_meta_tags %>
     6: 
     7:     <%= stylesheet_link_tag    'application', media: 'all', 'data-turbolinks-track': 'reload' %>
     8:     <%= javascript_include_tag 'application', 'data-turbolinks-track': 'reload' %>
     9:   </head>
    10: 
    11:   <body>
  
app/views/layouts/application.html.erb:8:in `_app_views_layouts_application_html_erb___2287750549908595922_70224693544740'
  Rendering vendor/bundle/gems/actionpack-5.0.0.1/lib/action_dispatch/middleware/templates/rescues/template_error.html.erb within rescues/layout
  Rendering vendor/bundle/gems/actionpack-5.0.0.1/lib/action_dispatch/middleware/templates/rescues/_source.html.erb
  Rendered vendor/bundle/gems/actionpack-5.0.0.1/lib/action_dispatch/middleware/templates/rescues/_source.html.erb (4.7ms)
  Rendering vendor/bundle/gems/actionpack-5.0.0.1/lib/action_dispatch/middleware/templates/rescues/_trace.html.erb
  Rendered vendor/bundle/gems/actionpack-5.0.0.1/lib/action_dispatch/middleware/templates/rescues/_trace.html.erb (2.4ms)
  Rendering vendor/bundle/gems/actionpack-5.0.0.1/lib/action_dispatch/middleware/templates/rescues/_request_and_response.html.erb
  Rendered vendor/bundle/gems/actionpack-5.0.0.1/lib/action_dispatch/middleware/templates/rescues/_request_and_response.html.erb (0.9ms)
  Rendered vendor/bundle/gems/actionpack-5.0.0.1/lib/action_dispatch/middleware/templates/rescues/template_error.html.erb within rescues/layout (72.5ms)
Started GET "/" for ::1 at 2016-09-03 10:58:45 +0900
Processing by CommentsController#index as HTML
  Rendering comments/index.html.erb within layouts/application
  Rendered comments/index.html.erb within layouts/application (0.4ms)
Completed 500 Internal Server Error in 312ms (ActiveRecord: 0.0ms)


  
ActionView::Template::Error (SyntaxError: [stdin]:6:6: missing / (unclosed regex)):
     5:     <%= csrf_meta_tags %>
     6: 
     7:     <%= stylesheet_link_tag    'application', media: 'all', 'data-turbolinks-track': 'reload' %>
     8:     <%= javascript_include_tag 'application', 'data-turbolinks-track': 'reload' %>
     9:   </head>
    10: 
    11:   <body>
  
app/views/layouts/application.html.erb:8:in `_app_views_layouts_application_html_erb___2287750549908595922_70224692674160'
  Rendering vendor/bundle/gems/actionpack-5.0.0.1/lib/action_dispatch/middleware/templates/rescues/template_error.html.erb within rescues/layout
  Rendering vendor/bundle/gems/actionpack-5.0.0.1/lib/action_dispatch/middleware/templates/rescues/_source.html.erb
  Rendered vendor/bundle/gems/actionpack-5.0.0.1/lib/action_dispatch/middleware/templates/rescues/_source.html.erb (5.5ms)
  Rendering vendor/bundle/gems/actionpack-5.0.0.1/lib/action_dispatch/middleware/templates/rescues/_trace.html.erb
  Rendered vendor/bundle/gems/actionpack-5.0.0.1/lib/action_dispatch/middleware/templates/rescues/_trace.html.erb (2.6ms)
  Rendering vendor/bundle/gems/actionpack-5.0.0.1/lib/action_dispatch/middleware/templates/rescues/_request_and_response.html.erb
  Rendered vendor/bundle/gems/actionpack-5.0.0.1/lib/action_dispatch/middleware/templates/rescues/_request_and_response.html.erb (1.0ms)
  Rendered vendor/bundle/gems/actionpack-5.0.0.1/lib/action_dispatch/middleware/templates/rescues/template_error.html.erb within rescues/layout (69.2ms)
Started GET "/" for ::1 at 2016-09-03 10:59:26 +0900
Processing by CommentsController#index as HTML
  Rendering comments/index.html.erb within layouts/application
  Rendered comments/index.html.erb within layouts/application (0.4ms)
Completed 500 Internal Server Error in 313ms (ActiveRecord: 0.0ms)


  
ActionView::Template::Error (SyntaxError: [stdin]:6:6: missing / (unclosed regex)):
     5:     <%= csrf_meta_tags %>
     6: 
     7:     <%= stylesheet_link_tag    'application', media: 'all', 'data-turbolinks-track': 'reload' %>
     8:     <%= javascript_include_tag 'application', 'data-turbolinks-track': 'reload' %>
     9:   </head>
    10: 
    11:   <body>
  
app/views/layouts/application.html.erb:8:in `_app_views_layouts_application_html_erb___2287750549908595922_70224689644340'
  Rendering vendor/bundle/gems/actionpack-5.0.0.1/lib/action_dispatch/middleware/templates/rescues/template_error.html.erb within rescues/layout
  Rendering vendor/bundle/gems/actionpack-5.0.0.1/lib/action_dispatch/middleware/templates/rescues/_source.html.erb
  Rendered vendor/bundle/gems/actionpack-5.0.0.1/lib/action_dispatch/middleware/templates/rescues/_source.html.erb (5.5ms)
  Rendering vendor/bundle/gems/actionpack-5.0.0.1/lib/action_dispatch/middleware/templates/rescues/_trace.html.erb
  Rendered vendor/bundle/gems/actionpack-5.0.0.1/lib/action_dispatch/middleware/templates/rescues/_trace.html.erb (1.9ms)
  Rendering vendor/bundle/gems/actionpack-5.0.0.1/lib/action_dispatch/middleware/templates/rescues/_request_and_response.html.erb
  Rendered vendor/bundle/gems/actionpack-5.0.0.1/lib/action_dispatch/middleware/templates/rescues/_request_and_response.html.erb (1.1ms)
  Rendered vendor/bundle/gems/actionpack-5.0.0.1/lib/action_dispatch/middleware/templates/rescues/template_error.html.erb within rescues/layout (76.4ms)
Started GET "/" for ::1 at 2016-09-03 11:00:40 +0900
Processing by CommentsController#index as HTML
  Rendering comments/index.html.erb within layouts/application
  Rendered comments/index.html.erb within layouts/application (0.4ms)
Completed 200 OK in 174ms (Views: 172.8ms | ActiveRecord: 0.0ms)


Started GET "/" for ::1 at 2016-09-03 11:00:43 +0900
Processing by CommentsController#index as HTML
  Rendering comments/index.html.erb within layouts/application
  Rendered comments/index.html.erb within layouts/application (0.3ms)
Completed 200 OK in 39ms (Views: 38.1ms | ActiveRecord: 0.0ms)


Started GET "/" for ::1 at 2016-09-03 11:03:40 +0900
Processing by CommentsController#index as HTML
  Rendering comments/index.html.erb within layouts/application
  Rendered comments/index.html.erb within layouts/application (6.0ms)
Completed 200 OK in 9665ms (Views: 9653.4ms | ActiveRecord: 0.0ms)


Started GET "/" for ::1 at 2016-09-03 11:03:53 +0900
Processing by CommentsController#index as HTML
  Rendering comments/index.html.erb within layouts/application
  Rendered comments/index.html.erb within layouts/application (0.5ms)
Completed 200 OK in 64ms (Views: 62.6ms | ActiveRecord: 0.0ms)


Started GET "/" for ::1 at 2016-09-03 11:04:35 +0900
Processing by CommentsController#index as HTML
  Rendering comments/index.html.erb within layouts/application
  Rendered comments/index.html.erb within layouts/application (1.1ms)
Completed 200 OK in 1376ms (Views: 1373.1ms | ActiveRecord: 0.0ms)


Started GET "/" for ::1 at 2016-09-03 11:04:39 +0900
Processing by CommentsController#index as HTML
  Rendering comments/index.html.erb within layouts/application
  Rendered comments/index.html.erb within layouts/application (0.6ms)
Completed 200 OK in 40ms (Views: 38.8ms | ActiveRecord: 0.0ms)


Started GET "/" for ::1 at 2016-09-03 11:05:40 +0900
Processing by CommentsController#index as HTML
  Rendering comments/index.html.erb within layouts/application
  Rendered comments/index.html.erb within layouts/application (0.7ms)
Completed 200 OK in 50ms (Views: 48.7ms | ActiveRecord: 0.0ms)


Started GET "/" for ::1 at 2016-09-03 11:09:32 +0900
Processing by CommentsController#index as HTML
  Rendering comments/index.html.erb within layouts/application
  Rendered comments/index.html.erb within layouts/application (6.7ms)
Completed 500 Internal Server Error in 503ms (ActiveRecord: 0.0ms)


  
ActionView::Template::Error (require_tree argument must be a relative path):
    4:     <title>ReactRails</title>
    5:     <%= csrf_meta_tags %>
    6: 
    7:     <%= stylesheet_link_tag    'application', media: 'all', 'data-turbolinks-track': 'reload' %>
    8:     <%= javascript_include_tag 'application', 'data-turbolinks-track': 'reload' %>
    9:   </head>
   10: 
  
app/assets/javascripts/application.js:18
app/views/layouts/application.html.erb:7:in `_app_views_layouts_application_html_erb__2552111859093542638_70277302246020'
  Rendering vendor/bundle/gems/actionpack-5.0.0.1/lib/action_dispatch/middleware/templates/rescues/template_error.html.erb within rescues/layout
  Rendering vendor/bundle/gems/actionpack-5.0.0.1/lib/action_dispatch/middleware/templates/rescues/_source.html.erb
  Rendered vendor/bundle/gems/actionpack-5.0.0.1/lib/action_dispatch/middleware/templates/rescues/_source.html.erb (6.0ms)
  Rendering vendor/bundle/gems/actionpack-5.0.0.1/lib/action_dispatch/middleware/templates/rescues/_trace.html.erb
  Rendered vendor/bundle/gems/actionpack-5.0.0.1/lib/action_dispatch/middleware/templates/rescues/_trace.html.erb (2.7ms)
  Rendering vendor/bundle/gems/actionpack-5.0.0.1/lib/action_dispatch/middleware/templates/rescues/_request_and_response.html.erb
  Rendered vendor/bundle/gems/actionpack-5.0.0.1/lib/action_dispatch/middleware/templates/rescues/_request_and_response.html.erb (1.3ms)
  Rendered vendor/bundle/gems/actionpack-5.0.0.1/lib/action_dispatch/middleware/templates/rescues/template_error.html.erb within rescues/layout (82.7ms)
Started GET "/" for ::1 at 2016-09-03 11:09:46 +0900
Processing by CommentsController#index as HTML
  Rendering comments/index.html.erb within layouts/application
  Rendered comments/index.html.erb within layouts/application (0.4ms)
Completed 200 OK in 259ms (Views: 257.5ms | ActiveRecord: 0.0ms)


Started GET "/" for ::1 at 2016-09-03 11:10:00 +0900
Processing by CommentsController#index as HTML
  Rendering comments/index.html.erb within layouts/application
  Rendered comments/index.html.erb within layouts/application (0.4ms)
Completed 200 OK in 33ms (Views: 31.7ms | ActiveRecord: 0.0ms)


Started GET "/" for ::1 at 2016-09-03 11:11:06 +0900
Processing by CommentsController#index as HTML
  Rendering comments/index.html.erb within layouts/application
  Rendered comments/index.html.erb within layouts/application (0.5ms)
Completed 200 OK in 941ms (Views: 938.6ms | ActiveRecord: 0.0ms)


Started GET "/" for ::1 at 2016-09-03 11:11:27 +0900
Processing by CommentsController#index as HTML
  Rendering comments/index.html.erb within layouts/application
  Rendered comments/index.html.erb within layouts/application (0.8ms)
Completed 200 OK in 381ms (Views: 378.9ms | ActiveRecord: 0.0ms)


Started GET "/" for ::1 at 2016-09-03 11:12:02 +0900
Processing by CommentsController#index as HTML
  Rendering comments/index.html.erb within layouts/application
  Rendered comments/index.html.erb within layouts/application (0.6ms)
Completed 500 Internal Server Error in 36ms (ActiveRecord: 0.0ms)


  
ActionView::Template::Error (couldn't find file 'components/new_comment_box.js.jsx' with type 'application/javascript'
Checked in these paths: 
  /Users/ohbarye/dev/playground/react-rails/app/assets/config
  /Users/ohbarye/dev/playground/react-rails/app/assets/images
  /Users/ohbarye/dev/playground/react-rails/app/assets/javascripts
  /Users/ohbarye/dev/playground/react-rails/app/assets/stylesheets
  /Users/ohbarye/dev/playground/react-rails/vendor/assets/javascripts
  /Users/ohbarye/dev/playground/react-rails/vendor/assets/stylesheets
  /Users/ohbarye/dev/playground/react-rails/vendor/bundle/gems/jquery-rails-4.2.1/vendor/assets/javascripts
  /Users/ohbarye/dev/playground/react-rails/vendor/bundle/gems/coffee-rails-4.2.1/lib/assets/javascripts
  /Users/ohbarye/dev/playground/react-rails/vendor/bundle/gems/actioncable-5.0.0.1/lib/assets/compiled
  /Users/ohbarye/dev/playground/react-rails/vendor/bundle/gems/turbolinks-source-5.0.0/lib/assets/javascripts
  /Users/ohbarye/dev/playground/react-rails/vendor/bundle/gems/react-rails-1.8.2/lib/assets/react-source/development
  /Users/ohbarye/dev/playground/react-rails/vendor/bundle/gems/react-rails-1.8.2/lib/assets/javascripts):
     5:     <%= csrf_meta_tags %>
     6: 
     7:     <%= stylesheet_link_tag    'application', media: 'all', 'data-turbolinks-track': 'reload' %>
     8:     <%= javascript_include_tag 'application', 'data-turbolinks-track': 'reload' %>
     9:   </head>
    10: 
    11:   <body>
  
app/assets/javascripts/application.js:19
app/views/layouts/application.html.erb:8:in `_app_views_layouts_application_html_erb__2552111859093542638_70277380562660'
  Rendering vendor/bundle/gems/actionpack-5.0.0.1/lib/action_dispatch/middleware/templates/rescues/template_error.html.erb within rescues/layout
  Rendering vendor/bundle/gems/actionpack-5.0.0.1/lib/action_dispatch/middleware/templates/rescues/_source.html.erb
  Rendered vendor/bundle/gems/actionpack-5.0.0.1/lib/action_dispatch/middleware/templates/rescues/_source.html.erb (10.1ms)
  Rendering vendor/bundle/gems/actionpack-5.0.0.1/lib/action_dispatch/middleware/templates/rescues/_trace.html.erb
  Rendered vendor/bundle/gems/actionpack-5.0.0.1/lib/action_dispatch/middleware/templates/rescues/_trace.html.erb (1.9ms)
  Rendering vendor/bundle/gems/actionpack-5.0.0.1/lib/action_dispatch/middleware/templates/rescues/_request_and_response.html.erb
  Rendered vendor/bundle/gems/actionpack-5.0.0.1/lib/action_dispatch/middleware/templates/rescues/_request_and_response.html.erb (0.9ms)
  Rendered vendor/bundle/gems/actionpack-5.0.0.1/lib/action_dispatch/middleware/templates/rescues/template_error.html.erb within rescues/layout (73.4ms)
Started GET "/" for ::1 at 2016-09-03 11:12:21 +0900
Processing by CommentsController#index as HTML
  Rendering comments/index.html.erb within layouts/application
  Rendered comments/index.html.erb within layouts/application (0.4ms)
Completed 200 OK in 2275ms (Views: 2274.0ms | ActiveRecord: 0.0ms)


Started GET "/" for ::1 at 2016-09-03 11:12:34 +0900
Processing by CommentsController#index as HTML
  Rendering comments/index.html.erb within layouts/application
  Rendered comments/index.html.erb within layouts/application (0.5ms)
Completed 200 OK in 1516ms (Views: 1514.0ms | ActiveRecord: 0.0ms)


Started GET "/" for ::1 at 2016-09-03 11:15:06 +0900
Processing by CommentsController#index as HTML
  Rendering comments/index.html.erb within layouts/application
  Rendered comments/index.html.erb within layouts/application (0.4ms)
Completed 200 OK in 1608ms (Views: 1606.0ms | ActiveRecord: 0.0ms)


Started GET "/" for ::1 at 2016-09-03 11:16:38 +0900
Processing by CommentsController#index as HTML
  Rendering comments/index.html.erb within layouts/application
  Rendered comments/index.html.erb within layouts/application (0.5ms)
Completed 200 OK in 1371ms (Views: 1369.5ms | ActiveRecord: 0.0ms)


Started GET "/" for ::1 at 2016-09-03 11:16:41 +0900
Processing by CommentsController#index as HTML
  Rendering comments/index.html.erb within layouts/application
  Rendered comments/index.html.erb within layouts/application (1.0ms)
Completed 200 OK in 59ms (Views: 56.2ms | ActiveRecord: 0.0ms)


Started GET "/" for ::1 at 2016-09-03 11:17:31 +0900
Processing by CommentsController#index as HTML
  Rendering comments/index.html.erb within layouts/application
  Rendered comments/index.html.erb within layouts/application (0.6ms)
Completed 200 OK in 1303ms (Views: 1301.6ms | ActiveRecord: 0.0ms)


Started GET "/" for ::1 at 2016-09-03 11:25:59 +0900
Processing by CommentsController#index as HTML
  Rendering comments/index.html.erb within layouts/application
  Rendered comments/index.html.erb within layouts/application (7.4ms)
Completed 200 OK in 1328ms (Views: 1312.8ms | ActiveRecord: 0.0ms)


Started GET "/" for ::1 at 2016-09-03 11:26:45 +0900
Processing by CommentsController#index as HTML
  Rendering comments/index.html.erb within layouts/application
  Rendered comments/index.html.erb within layouts/application (0.5ms)
Completed 200 OK in 1726ms (Views: 1724.6ms | ActiveRecord: 0.0ms)


Started GET "/" for ::1 at 2016-09-04 11:44:31 +0900
Processing by CommentsController#index as HTML
  Rendering comments/index.html.erb within layouts/application
  Rendered comments/index.html.erb within layouts/application (1.7ms)
Completed 200 OK in 1617ms (Views: 1614.3ms | ActiveRecord: 0.0ms)


Started GET "/" for ::1 at 2016-09-05 22:39:22 +0900
Processing by CommentsController#index as HTML
  Rendering comments/index.html.erb within layouts/application
  Rendered comments/index.html.erb within layouts/application (6.2ms)
Completed 200 OK in 152ms (Views: 146.4ms | ActiveRecord: 0.0ms)


